<?xml version="1.0" encoding="UTF-8"?>
<!-- Generated by org.testng.reporters.JUnitXMLReporter -->
<testsuite hostname="DESKTOP-MA9UMF9" failures="2" tests="19" name="restassuredtest" time="29.145" errors="0" timestamp="14 May 2020 08:37:39 GMT">
  <testcase classname="com.employeeapi.testcases.TC001_GET_All_Employees" name="checkContentCoding" time="0.005"/>
  <testcase classname="com.employeeapi.testcases.TC001_GET_All_Employees" name="checkContentLength" time="0.001"/>
  <testcase classname="com.employeeapi.testcases.TC001_GET_All_Employees" name="checkContentType" time="0.002"/>
  <testcase classname="com.employeeapi.testcases.TC001_GET_All_Employees" name="checkCookies" time="0.002"/>
  <testcase classname="com.employeeapi.testcases.TC001_GET_All_Employees" name="checkResponseBody" time="0.023"/>
  <testcase classname="com.employeeapi.testcases.TC001_GET_All_Employees" name="checkResponseTime" time="0.002"/>
  <testcase classname="com.employeeapi.testcases.TC001_GET_All_Employees" name="checkServerType" time="0.003"/>
  <testcase classname="com.employeeapi.testcases.TC001_GET_All_Employees" name="checkStatus" time="0.003"/>
  <testcase classname="com.employeeapi.testcases.TC001_GET_All_Employees" name="checkStatusLine" time="0.002"/>
  <testcase classname="com.employeeapi.testcases.TC002_GET_Single_Employee_Record" name="checkContentLength" time="0.001"/>
  <testcase classname="com.employeeapi.testcases.TC002_GET_Single_Employee_Record" name="checkResponseBody" time="0.002">
    <failure type="java.lang.AssertionError" message="expected [true] but found [false]">
      <![CDATA[java.lang.AssertionError: expected [true] but found [false]
	at com.employeeapi.testcases.TC002_GET_Single_Employee_Record.checkResponseBody(TC002_GET_Single_Employee_Record.java:37)
... Removed 29 stack frames]]>
    </failure>
  </testcase> <!-- checkResponseBody -->
  <testcase classname="com.employeeapi.testcases.TC002_GET_Single_Employee_Record" name="checkResponseTime" time="0.001"/>
  <testcase classname="com.employeeapi.testcases.TC002_GET_Single_Employee_Record" name="checkServerType" time="0.001"/>
  <testcase classname="com.employeeapi.testcases.TC002_GET_Single_Employee_Record" name="checkStatusCode" time="0.001"/>
  <testcase classname="com.employeeapi.testcases.TC003_POST_Employee_Record" name="checkResponseBody" time="0.225"/>
  <testcase classname="com.employeeapi.testcases.TC003_POST_Employee_Record" name="checkStatusCode" time="0.0"/>
  <testcase classname="com.employeeapi.testcases.TC004_PUT_Employee_Record" name="checkStatusCode" time="0.003"/>
  <testcase classname="com.employeeapi.testcases.TC004_PUT_Employee_Record" name="checkStatusLine" time="0.0"/>
  <testcase classname="com.employeeapi.testcases.TC005_DELETE_Employee_Record" name="checkResponseBody" time="0.0">
    <failure type="java.lang.AssertionError" message="expected [true] but found [false]">
      <![CDATA[java.lang.AssertionError: expected [true] but found [false]
	at com.employeeapi.testcases.TC005_DELETE_Employee_Record.checkResponseBody(TC005_DELETE_Employee_Record.java:45)
... Removed 29 stack frames]]>
    </failure>
  </testcase> <!-- checkResponseBody -->
</testsuite> <!-- restassuredtest -->
